<?xml version="1.0" encoding="UTF-8"?>
<!-- Generated by org.testng.reporters.JUnitReportReporter -->
<testsuite hostname="DESKTOP-TI49TLR" failures="0" tests="1" name="mockquestions.AllMockQuestions" time="22.004" errors="0" timestamp="2023-10-10T17:58:16 IST" skipped="0">
  <testcase classname="mockquestions.AllMockQuestions" name="closeWithoutQuit" time="22.004"/>
  <system-out/>
</testsuite> <!-- mockquestions.AllMockQuestions -->
