<?xml version="1.0" encoding="UTF-8"?>
<!-- Generated by org.testng.reporters.JUnitReportReporter -->
<testsuite hostname="DESKTOP-TI49TLR" failures="0" tests="1" name="datadriventesting.LoginToActitime" time="24.052" errors="0" timestamp="2023-07-06T12:38:12 IST" skipped="0">
  <testcase classname="datadriventesting.LoginToActitime" name="loginActitimeTest" time="24.052"/>
  <system-out/>
</testsuite> <!-- datadriventesting.LoginToActitime -->
