<?xml version="1.0" encoding="UTF-8"?>
<!-- Generated by org.testng.reporters.JUnitReportReporter -->
<testsuite hostname="DESKTOP-TI49TLR" failures="0" tests="1" name="mockPractice.FindingAllLinks" time="8.480" errors="0" timestamp="2023-08-02T19:06:32 IST" skipped="0">
  <testcase classname="mockPractice.FindingAllLinks" name="link" time="8.480"/>
  <system-out/>
</testsuite> <!-- mockPractice.FindingAllLinks -->
