<?xml version="1.0" encoding="UTF-8"?>
<!-- Generated by org.testng.reporters.JUnitReportReporter -->
<testsuite hostname="DESKTOP-TI49TLR" failures="0" tests="1" name="practicetestng.DemoTestNg" time="0.008" errors="0" timestamp="2023-07-06T12:38:12 IST" skipped="0">
  <testcase classname="practicetestng.DemoTestNg" name="demoTest" time="0.008"/>
  <system-out>
    <![CDATA[Welcome to TestNg]]>
  </system-out>
</testsuite> <!-- practicetestng.DemoTestNg -->
