<?xml version="1.0" encoding="UTF-8"?>
<!-- Generated by org.testng.reporters.JUnitReportReporter -->
<testsuite hostname="DESKTOP-TI49TLR" failures="0" tests="1" name="mockPractice.AutoSuggestion" time="6.286" errors="0" timestamp="2023-07-30T19:39:52 IST" skipped="0">
  <testcase classname="mockPractice.AutoSuggestion" name="suggestion" time="6.286"/>
  <system-out/>
</testsuite> <!-- mockPractice.AutoSuggestion -->
