<?xml version="1.0" encoding="UTF-8"?>
<!-- Generated by org.testng.reporters.JUnitReportReporter -->
<testsuite hostname="DESKTOP-TI49TLR" failures="0" tests="1" name="handlingdisabledelements.DemoTestNG" time="0.025" errors="0" timestamp="2023-07-05T19:42:27 IST" skipped="0">
  <testcase classname="handlingdisabledelements.DemoTestNG" name="demoTest" time="0.025"/>
  <system-out>
    <![CDATA[Welcome To TestNg]]>
  </system-out>
</testsuite> <!-- handlingdisabledelements.DemoTestNG -->
