<?xml version="1.0" encoding="UTF-8"?>
<!-- Generated by org.testng.reporters.JUnitReportReporter -->
<testsuite hostname="DESKTOP-TI49TLR" failures="0" tests="1" name="assaignment.Iphone11Search" time="8.656" errors="0" timestamp="2023-07-16T19:28:39 IST" skipped="0">
  <testcase classname="assaignment.Iphone11Search" name="printUrl" time="8.656"/>
  <system-out/>
</testsuite> <!-- assaignment.Iphone11Search -->
