<?xml version="1.0" encoding="UTF-8"?>
<!-- Generated by org.testng.reporters.JUnitReportReporter -->
<testsuite hostname="DESKTOP-TI49TLR" failures="0" tests="3" name="practicetestng.ProjectModule" time="0.012" errors="0" timestamp="2023-07-06T12:38:12 IST" skipped="0">
  <testcase classname="practicetestng.ProjectModule" name="modifyProject" time="0.005"/>
  <system-out>
    <![CDATA[modifyProject]]>
  </system-out>
  <testcase classname="practicetestng.ProjectModule" name="createProject" time="0.004"/>
  <system-out>
    <![CDATA[createProject]]>
  </system-out>
  <testcase classname="practicetestng.ProjectModule" name="deleteProject" time="0.003"/>
  <system-out>
    <![CDATA[deleteProject]]>
  </system-out>
</testsuite> <!-- practicetestng.ProjectModule -->
