<?xml version="1.0" encoding="UTF-8"?>
<!-- Generated by org.testng.reporters.JUnitReportReporter -->
<testsuite hostname="DESKTOP-TI49TLR" failures="0" tests="1" name="practicetestng.ReadingDataFromFile" time="4.810" errors="0" timestamp="2023-08-02T20:22:26 IST" skipped="0">
  <testcase classname="practicetestng.ReadingDataFromFile" name="excelFile" time="4.810"/>
  <system-out/>
</testsuite> <!-- practicetestng.ReadingDataFromFile -->
