<?xml version="1.0" encoding="UTF-8"?>
<!-- Generated by org.testng.reporters.JUnitReportReporter -->
<testsuite hostname="DESKTOP-TI49TLR" failures="0" tests="1" name="assaignment.WhatsApp_15_07_2023" time="0.025" errors="0" timestamp="2023-08-02T19:53:19 IST" skipped="0">
  <testcase classname="assaignment.WhatsApp_15_07_2023" name="handlingPropertyFile" time="0.025"/>
  <system-out/>
</testsuite> <!-- assaignment.WhatsApp_15_07_2023 -->
