<?xml version="1.0" encoding="UTF-8"?>
<!-- Generated by org.testng.reporters.JUnitReportReporter -->
<testsuite hostname="DESKTOP-TI49TLR" failures="0" tests="3" name="practicetestng.TaskModule" time="0.019" errors="0" timestamp="2023-07-06T12:38:12 IST" skipped="0">
  <testcase classname="practicetestng.TaskModule" name="modifyTask" time="0.003"/>
  <system-out>
    <![CDATA[modifyTask]]>
  </system-out>
  <testcase classname="practicetestng.TaskModule" name="createTask" time="0.004"/>
  <system-out>
    <![CDATA[createTask]]>
  </system-out>
  <testcase classname="practicetestng.TaskModule" name="deleteTask" time="0.012"/>
  <system-out>
    <![CDATA[deleteTask]]>
  </system-out>
</testsuite> <!-- practicetestng.TaskModule -->
